<?xml version="1.0" encoding="UTF-8"?><testrun name="TestRunner (1)" project="APIFramework" tests="4" started="4" failures="0" errors="1" ignored="0">
  <testsuite name="cucumber.Options.TestRunner" time="8.857">
    <testsuite name="Validating Place Api's" time="8.857">
      <testcase name="Verify if Place is being successfully added using AddPlaceAPI #1" classname="Validating Place Api's" time="7.367"/>
      <testcase name="Verify if Place is being successfully added using AddPlaceAPI #2" classname="Validating Place Api's" time="0.657"/>
      <testcase name="Verify if Place is being successfully added using AddPlaceAPI #3" classname="Validating Place Api's" time="0.617"/>
      <testcase name="Verfiy if delete place functionality is working" classname="Validating Place Api's" time="0.215">
        <error>io.restassured.path.json.exception.JsonPathException: Failed to parse the JSON document&#13;
	at io.restassured.path.json.JsonPath$ExceptionCatcher.invoke(JsonPath.java:1002)&#13;
	at io.restassured.path.json.JsonPath$4.doParseWith(JsonPath.java:967)&#13;
	at io.restassured.path.json.JsonPath$JsonParser.parseWith(JsonPath.java:1047)&#13;
	at io.restassured.path.json.JsonPath.get(JsonPath.java:202)&#13;
	at Resources.Utils.getJsonPath(Utils.java:62)&#13;
	at stepDefinations.stepDefination.in_response_body_is(stepDefination.java:79)&#13;
	at âœ½."status" in response body is "OK"(file:///D:/API%20Automatiom/APIFramework/src/test/java/features/placeValidation.feature:23)&#13;
Caused by: java.lang.IllegalArgumentException: The JSON input text should neither be null nor empty.&#13;
	at java.base/jdk.internal.reflect.NativeConstructorAccessorImpl.newInstance0(Native Method)&#13;
	at java.base/jdk.internal.reflect.NativeConstructorAccessorImpl.newInstance(NativeConstructorAccessorImpl.java:78)&#13;
	at java.base/jdk.internal.reflect.DelegatingConstructorAccessorImpl.newInstance(DelegatingConstructorAccessorImpl.java:45)&#13;
	at java.base/java.lang.reflect.Constructor.newInstanceWithCaller(Constructor.java:499)&#13;
	at java.base/java.lang.reflect.Constructor.newInstance(Constructor.java:480)&#13;
	at org.codehaus.groovy.reflection.CachedConstructor.invoke(CachedConstructor.java:73)&#13;
	at org.codehaus.groovy.runtime.callsite.ConstructorSite$ConstructorSiteNoUnwrapNoCoerce.callConstructor(ConstructorSite.java:108)&#13;
	at org.codehaus.groovy.runtime.callsite.CallSiteArray.defaultCallConstructor(CallSiteArray.java:58)&#13;
	at org.codehaus.groovy.runtime.callsite.AbstractCallSite.callConstructor(AbstractCallSite.java:263)&#13;
	at org.codehaus.groovy.runtime.callsite.AbstractCallSite.callConstructor(AbstractCallSite.java:277)&#13;
	at io.restassured.internal.path.json.ConfigurableJsonSlurper.parseText(ConfigurableJsonSlurper.groovy:80)&#13;
	at io.restassured.path.json.JsonPath$4$1.method(JsonPath.java:965)&#13;
	at io.restassured.path.json.JsonPath$ExceptionCatcher.invoke(JsonPath.java:1000)&#13;
	at io.restassured.path.json.JsonPath$4.doParseWith(JsonPath.java:967)&#13;
	at io.restassured.path.json.JsonPath$JsonParser.parseWith(JsonPath.java:1047)&#13;
	at io.restassured.path.json.JsonPath.get(JsonPath.java:202)&#13;
	at Resources.Utils.getJsonPath(Utils.java:62)&#13;
	at stepDefinations.stepDefination.in_response_body_is(stepDefination.java:79)&#13;
	at java.base/jdk.internal.reflect.NativeMethodAccessorImpl.invoke0(Native Method)&#13;
	at java.base/jdk.internal.reflect.NativeMethodAccessorImpl.invoke(NativeMethodAccessorImpl.java:78)&#13;
	at java.base/jdk.internal.reflect.DelegatingMethodAccessorImpl.invoke(DelegatingMethodAccessorImpl.java:43)&#13;
	at java.base/java.lang.reflect.Method.invoke(Method.java:567)&#13;
	at io.cucumber.java.Invoker.doInvoke(Invoker.java:66)&#13;
	at io.cucumber.java.Invoker.invoke(Invoker.java:24)&#13;
	at io.cucumber.java.AbstractGlueDefinition.invokeMethod(AbstractGlueDefinition.java:47)&#13;
	at io.cucumber.java.JavaStepDefinition.execute(JavaStepDefinition.java:29)&#13;
	at io.cucumber.core.runner.CoreStepDefinition.execute(CoreStepDefinition.java:66)&#13;
	at io.cucumber.core.runner.PickleStepDefinitionMatch.runStep(PickleStepDefinitionMatch.java:63)&#13;
	at io.cucumber.core.runner.ExecutionMode$1.execute(ExecutionMode.java:10)&#13;
	at io.cucumber.core.runner.TestStep.executeStep(TestStep.java:85)&#13;
	at io.cucumber.core.runner.TestStep.run(TestStep.java:57)&#13;
	at io.cucumber.core.runner.PickleStepTestStep.run(PickleStepTestStep.java:51)&#13;
	at io.cucumber.core.runner.TestCase.run(TestCase.java:84)&#13;
	at io.cucumber.core.runner.Runner.runPickle(Runner.java:75)&#13;
	at io.cucumber.junit.PickleRunners$NoStepDescriptions.lambda$run$0(PickleRunners.java:151)&#13;
	at io.cucumber.core.runtime.CucumberExecutionContext.lambda$runTestCase$5(CucumberExecutionContext.java:129)&#13;
	at io.cucumber.core.runtime.RethrowingThrowableCollector.executeAndThrow(RethrowingThrowableCollector.java:23)&#13;
	at io.cucumber.core.runtime.CucumberExecutionContext.runTestCase(CucumberExecutionContext.java:129)&#13;
	at io.cucumber.junit.PickleRunners$NoStepDescriptions.run(PickleRunners.java:148)&#13;
	at io.cucumber.junit.FeatureRunner.runChild(FeatureRunner.java:144)&#13;
	at io.cucumber.junit.FeatureRunner.runChild(FeatureRunner.java:28)&#13;
	at org.junit.runners.ParentRunner$3.run(ParentRunner.java:238)&#13;
	at org.junit.runners.ParentRunner$1.schedule(ParentRunner.java:63)&#13;
	at org.junit.runners.ParentRunner.runChildren(ParentRunner.java:236)&#13;
	at org.junit.runners.ParentRunner.access$000(ParentRunner.java:53)&#13;
	at org.junit.runners.ParentRunner$2.evaluate(ParentRunner.java:229)&#13;
	at org.junit.runners.ParentRunner.run(ParentRunner.java:309)&#13;
	at io.cucumber.junit.FeatureRunner.run(FeatureRunner.java:137)&#13;
	at io.cucumber.junit.Cucumber.runChild(Cucumber.java:196)&#13;
	at io.cucumber.junit.Cucumber.runChild(Cucumber.java:89)&#13;
	at org.junit.runners.ParentRunner$3.run(ParentRunner.java:238)&#13;
	at org.junit.runners.ParentRunner$1.schedule(ParentRunner.java:63)&#13;
	at org.junit.runners.ParentRunner.runChildren(ParentRunner.java:236)&#13;
	at org.junit.runners.ParentRunner.access$000(ParentRunner.java:53)&#13;
	at org.junit.runners.ParentRunner$2.evaluate(ParentRunner.java:229)&#13;
	at io.cucumber.junit.Cucumber$RunBeforeAllHooks.evaluate(Cucumber.java:266)&#13;
	at io.cucumber.junit.Cucumber$RunAfterAllHooks.evaluate(Cucumber.java:281)&#13;
	at io.cucumber.junit.Cucumber$StartTestRun.evaluate(Cucumber.java:233)&#13;
	at io.cucumber.junit.Cucumber$FinishTestRun.evaluate(Cucumber.java:248)&#13;
	at org.junit.runners.ParentRunner.run(ParentRunner.java:309)&#13;
	at org.eclipse.jdt.internal.junit4.runner.JUnit4TestReference.run(JUnit4TestReference.java:93)&#13;
	at org.eclipse.jdt.internal.junit.runner.TestExecution.run(TestExecution.java:40)&#13;
	at org.eclipse.jdt.internal.junit.runner.RemoteTestRunner.runTests(RemoteTestRunner.java:529)&#13;
	at org.eclipse.jdt.internal.junit.runner.RemoteTestRunner.runTests(RemoteTestRunner.java:756)&#13;
	at org.eclipse.jdt.internal.junit.runner.RemoteTestRunner.run(RemoteTestRunner.java:452)&#13;
	at org.eclipse.jdt.internal.junit.runner.RemoteTestRunner.main(RemoteTestRunner.java:210)&#13;
&#13;
</error>
      </testcase>
    </testsuite>
  </testsuite>
</testrun>
