<?xml version="1.0" encoding="UTF-8"?>
<testng-results ignored="0" total="1" passed="1" failed="0" skipped="0">
  <reporter-output>
  </reporter-output>
  <suite started-at="2022-07-24T03:55:00 EDT" name="Surefire suite" finished-at="2022-07-24T03:55:05 EDT" duration-ms="4752">
    <groups>
    </groups>
    <test started-at="2022-07-24T03:55:00 EDT" name="Surefire test" finished-at="2022-07-24T03:55:05 EDT" duration-ms="4752">
      <class name="com.bdd.APIFramework.AppTest">
        <test-method signature="shouldAnswerWithTrue()" started-at="2022-07-24T03:55:00 EDT" name="shouldAnswerWithTrue" finished-at="2022-07-24T03:55:00 EDT" duration-ms="5" status="PASS">
          <reporter-output>
          </reporter-output>
        </test-method> <!-- shouldAnswerWithTrue -->
      </class> <!-- com.bdd.APIFramework.AppTest -->
    </test> <!-- Surefire test -->
  </suite> <!-- Surefire suite -->
</testng-results>
