<?xml version="1.0" encoding="UTF-8"?>
<!-- Generated by org.testng.reporters.JUnitXMLReporter -->
<testsuite ignored="0" hostname="BA-000095818" failures="0" tests="3" name="Default test" time="4.572" errors="0" timestamp="2022-06-29T13:11:18 EDT">
  <testcase classname="files.DynamicJson" name="addBook" time="4.112"/>
  <testcase classname="files.DynamicJson" name="addBook" time="0.177"/>
  <testcase classname="files.DynamicJson" name="addBook" time="0.177"/>
</testsuite> <!-- Default test -->
