<?xml version="1.0" encoding="UTF-8"?>
<testng-results ignored="0" total="3" passed="3" failed="0" skipped="0">
  <reporter-output>
  </reporter-output>
  <suite started-at="2022-06-29T13:11:13 EDT" name="Default suite" finished-at="2022-06-29T13:11:18 EDT" duration-ms="4572">
    <groups>
    </groups>
    <test started-at="2022-06-29T13:11:13 EDT" name="Default test" finished-at="2022-06-29T13:11:18 EDT" duration-ms="4572">
      <class name="files.DynamicJson">
        <test-method signature="addBook(java.lang.String,java.lang.String)[pri:0, instance:files.DynamicJson@73700b80]" started-at="2022-06-29T13:11:13 EDT" name="addBook" data-provider="Books data" finished-at="2022-06-29T13:11:18 EDT" duration-ms="4112" status="PASS">
          <params>
            <param index="0">
              <value>
                <![CDATA[etete]]>
              </value>
            </param>
            <param index="1">
              <value>
                <![CDATA[3244]]>
              </value>
            </param>
          </params>
          <reporter-output>
          </reporter-output>
        </test-method> <!-- addBook -->
        <test-method signature="addBook(java.lang.String,java.lang.String)[pri:0, instance:files.DynamicJson@73700b80]" started-at="2022-06-29T13:11:18 EDT" name="addBook" data-provider="Books data" finished-at="2022-06-29T13:11:18 EDT" duration-ms="177" status="PASS">
          <params>
            <param index="0">
              <value>
                <![CDATA[ghgj]]>
              </value>
            </param>
            <param index="1">
              <value>
                <![CDATA[65656]]>
              </value>
            </param>
          </params>
          <reporter-output>
          </reporter-output>
        </test-method> <!-- addBook -->
        <test-method signature="addBook(java.lang.String,java.lang.String)[pri:0, instance:files.DynamicJson@73700b80]" started-at="2022-06-29T13:11:18 EDT" name="addBook" data-provider="Books data" finished-at="2022-06-29T13:11:18 EDT" duration-ms="177" status="PASS">
          <params>
            <param index="0">
              <value>
                <![CDATA[etdsdf]]>
              </value>
            </param>
            <param index="1">
              <value>
                <![CDATA[434344]]>
              </value>
            </param>
          </params>
          <reporter-output>
          </reporter-output>
        </test-method> <!-- addBook -->
      </class> <!-- files.DynamicJson -->
    </test> <!-- Default test -->
  </suite> <!-- Default suite -->
</testng-results>
